18-Apr-2025 21:50:52.770 INFO [main] org.apache.catalina.startup.VersionLoggerListener.log Server version name:   Apache Tomcat/10.1.40
18-Apr-2025 21:50:52.784 INFO [main] org.apache.catalina.startup.VersionLoggerListener.log Server built:          Apr 1 2025 17:20:53 UTC
18-Apr-2025 21:50:52.785 INFO [main] org.apache.catalina.startup.VersionLoggerListener.log Server version number: 10.1.40.0
18-Apr-2025 21:50:52.785 INFO [main] org.apache.catalina.startup.VersionLoggerListener.log OS Name:               Windows 11
18-Apr-2025 21:50:52.786 INFO [main] org.apache.catalina.startup.VersionLoggerListener.log OS Version:            10.0
18-Apr-2025 21:50:52.786 INFO [main] org.apache.catalina.startup.VersionLoggerListener.log Architecture:          amd64
18-Apr-2025 21:50:52.787 INFO [main] org.apache.catalina.startup.VersionLoggerListener.log Java Home:             C:\Users\nguye\.jdks\corretto-17.0.14
18-Apr-2025 21:50:52.787 INFO [main] org.apache.catalina.startup.VersionLoggerListener.log JVM Version:           17.0.14+7-LTS
18-Apr-2025 21:50:52.788 INFO [main] org.apache.catalina.startup.VersionLoggerListener.log JVM Vendor:            Amazon.com Inc.
18-Apr-2025 21:50:52.788 INFO [main] org.apache.catalina.startup.VersionLoggerListener.log CATALINA_BASE:         D:\T3h\LJava2502\servlet\apache-tomcat-10.1.40-windows-x64\apache-tomcat-10.1.40
18-Apr-2025 21:50:52.789 INFO [main] org.apache.catalina.startup.VersionLoggerListener.log CATALINA_HOME:         D:\T3h\LJava2502\servlet\apache-tomcat-10.1.40-windows-x64\apache-tomcat-10.1.40
18-Apr-2025 21:50:52.825 INFO [main] org.apache.catalina.startup.VersionLoggerListener.log Command line argument: -Djava.util.logging.config.file=D:\T3h\LJava2502\servlet\apache-tomcat-10.1.40-windows-x64\apache-tomcat-10.1.40\conf\logging.properties
18-Apr-2025 21:50:52.826 INFO [main] org.apache.catalina.startup.VersionLoggerListener.log Command line argument: -Djava.util.logging.manager=org.apache.juli.ClassLoaderLogManager
18-Apr-2025 21:50:52.827 INFO [main] org.apache.catalina.startup.VersionLoggerListener.log Command line argument: -Djdk.tls.ephemeralDHKeySize=2048
18-Apr-2025 21:50:52.827 INFO [main] org.apache.catalina.startup.VersionLoggerListener.log Command line argument: -Djava.protocol.handler.pkgs=org.apache.catalina.webresources
18-Apr-2025 21:50:52.827 INFO [main] org.apache.catalina.startup.VersionLoggerListener.log Command line argument: -Dsun.io.useCanonCaches=false
18-Apr-2025 21:50:52.828 INFO [main] org.apache.catalina.startup.VersionLoggerListener.log Command line argument: --add-opens=java.base/java.lang=ALL-UNNAMED
18-Apr-2025 21:50:52.828 INFO [main] org.apache.catalina.startup.VersionLoggerListener.log Command line argument: --add-opens=java.base/java.lang.reflect=ALL-UNNAMED
18-Apr-2025 21:50:52.829 INFO [main] org.apache.catalina.startup.VersionLoggerListener.log Command line argument: --add-opens=java.base/java.io=ALL-UNNAMED
18-Apr-2025 21:50:52.829 INFO [main] org.apache.catalina.startup.VersionLoggerListener.log Command line argument: --add-opens=java.base/java.util=ALL-UNNAMED
18-Apr-2025 21:50:52.829 INFO [main] org.apache.catalina.startup.VersionLoggerListener.log Command line argument: --add-opens=java.base/java.util.concurrent=ALL-UNNAMED
18-Apr-2025 21:50:52.831 INFO [main] org.apache.catalina.startup.VersionLoggerListener.log Command line argument: --add-opens=java.rmi/sun.rmi.transport=ALL-UNNAMED
18-Apr-2025 21:50:52.832 INFO [main] org.apache.catalina.startup.VersionLoggerListener.log Command line argument: -Dcatalina.base=D:\T3h\LJava2502\servlet\apache-tomcat-10.1.40-windows-x64\apache-tomcat-10.1.40
18-Apr-2025 21:50:52.832 INFO [main] org.apache.catalina.startup.VersionLoggerListener.log Command line argument: -Dcatalina.home=D:\T3h\LJava2502\servlet\apache-tomcat-10.1.40-windows-x64\apache-tomcat-10.1.40
18-Apr-2025 21:50:52.833 INFO [main] org.apache.catalina.startup.VersionLoggerListener.log Command line argument: -Djava.io.tmpdir=D:\T3h\LJava2502\servlet\apache-tomcat-10.1.40-windows-x64\apache-tomcat-10.1.40\temp
18-Apr-2025 21:50:52.987 INFO [main] org.apache.catalina.core.AprLifecycleListener.lifecycleEvent Loaded Apache Tomcat Native library [2.0.8] using APR version [1.7.4].
18-Apr-2025 21:50:53.003 INFO [main] org.apache.catalina.core.AprLifecycleListener.initializeSSL OpenSSL successfully initialized [OpenSSL 3.0.14 4 Jun 2024]
18-Apr-2025 21:50:53.576 INFO [main] org.apache.coyote.AbstractProtocol.init Initializing ProtocolHandler ["http-nio-8080"]
18-Apr-2025 21:50:53.672 INFO [main] org.apache.catalina.startup.Catalina.load Server initialization in [1407] milliseconds
18-Apr-2025 21:50:53.796 INFO [main] org.apache.catalina.core.StandardService.startInternal Starting service [Catalina]
18-Apr-2025 21:50:53.797 INFO [main] org.apache.catalina.core.StandardEngine.startInternal Starting Servlet engine: [Apache Tomcat/10.1.40]
18-Apr-2025 21:50:53.833 INFO [main] org.apache.catalina.startup.HostConfig.deployDirectory Deploying web application directory [D:\T3h\LJava2502\servlet\apache-tomcat-10.1.40-windows-x64\apache-tomcat-10.1.40\webapps\antino_war]
18-Apr-2025 21:50:54.762 INFO [main] org.apache.catalina.startup.HostConfig.deployDirectory Deployment of web application directory [D:\T3h\LJava2502\servlet\apache-tomcat-10.1.40-windows-x64\apache-tomcat-10.1.40\webapps\antino_war] has finished in [927] ms
18-Apr-2025 21:50:54.762 INFO [main] org.apache.catalina.startup.HostConfig.deployDirectory Deploying web application directory [D:\T3h\LJava2502\servlet\apache-tomcat-10.1.40-windows-x64\apache-tomcat-10.1.40\webapps\docs]
18-Apr-2025 21:50:54.832 INFO [main] org.apache.catalina.startup.HostConfig.deployDirectory Deployment of web application directory [D:\T3h\LJava2502\servlet\apache-tomcat-10.1.40-windows-x64\apache-tomcat-10.1.40\webapps\docs] has finished in [69] ms
18-Apr-2025 21:50:54.833 INFO [main] org.apache.catalina.startup.HostConfig.deployDirectory Deploying web application directory [D:\T3h\LJava2502\servlet\apache-tomcat-10.1.40-windows-x64\apache-tomcat-10.1.40\webapps\examples]
18-Apr-2025 21:50:55.582 INFO [main] org.apache.catalina.startup.HostConfig.deployDirectory Deployment of web application directory [D:\T3h\LJava2502\servlet\apache-tomcat-10.1.40-windows-x64\apache-tomcat-10.1.40\webapps\examples] has finished in [749] ms
18-Apr-2025 21:50:55.583 INFO [main] org.apache.catalina.startup.HostConfig.deployDirectory Deploying web application directory [D:\T3h\LJava2502\servlet\apache-tomcat-10.1.40-windows-x64\apache-tomcat-10.1.40\webapps\host-manager]
18-Apr-2025 21:50:55.678 INFO [main] org.apache.catalina.startup.HostConfig.deployDirectory Deployment of web application directory [D:\T3h\LJava2502\servlet\apache-tomcat-10.1.40-windows-x64\apache-tomcat-10.1.40\webapps\host-manager] has finished in [95] ms
18-Apr-2025 21:50:55.678 INFO [main] org.apache.catalina.startup.HostConfig.deployDirectory Deploying web application directory [D:\T3h\LJava2502\servlet\apache-tomcat-10.1.40-windows-x64\apache-tomcat-10.1.40\webapps\manager]
18-Apr-2025 21:50:55.743 INFO [main] org.apache.catalina.startup.HostConfig.deployDirectory Deployment of web application directory [D:\T3h\LJava2502\servlet\apache-tomcat-10.1.40-windows-x64\apache-tomcat-10.1.40\webapps\manager] has finished in [64] ms
18-Apr-2025 21:50:55.744 INFO [main] org.apache.catalina.startup.HostConfig.deployDirectory Deploying web application directory [D:\T3h\LJava2502\servlet\apache-tomcat-10.1.40-windows-x64\apache-tomcat-10.1.40\webapps\ROOT]
18-Apr-2025 21:50:55.799 INFO [main] org.apache.catalina.startup.HostConfig.deployDirectory Deployment of web application directory [D:\T3h\LJava2502\servlet\apache-tomcat-10.1.40-windows-x64\apache-tomcat-10.1.40\webapps\ROOT] has finished in [56] ms
18-Apr-2025 21:50:55.813 INFO [main] org.apache.coyote.AbstractProtocol.start Starting ProtocolHandler ["http-nio-8080"]
18-Apr-2025 21:50:55.936 INFO [main] org.apache.catalina.startup.Catalina.start Server startup in [2263] milliseconds
18-Apr-2025 21:53:56.841 INFO [Thread-1] org.apache.coyote.AbstractProtocol.pause Pausing ProtocolHandler ["http-nio-8080"]
18-Apr-2025 21:53:57.683 INFO [Thread-1] org.apache.catalina.core.StandardService.stopInternal Stopping service [Catalina]
18-Apr-2025 21:53:57.728 INFO [Thread-1] org.apache.coyote.AbstractProtocol.stop Stopping ProtocolHandler ["http-nio-8080"]
18-Apr-2025 21:53:57.745 INFO [Thread-1] org.apache.coyote.AbstractProtocol.destroy Destroying ProtocolHandler ["http-nio-8080"]
